{"/home/eris/Desktop/code/node-express-2/bankly/app.js": {"path":"/home/eris/Desktop/code/node-express-2/bankly/app.js","statementMap":{"0":{"start":{"line":3,"column":16},"end":{"line":3,"column":34}},"1":{"start":{"line":4,"column":12},"end":{"line":4,"column":21}},"2":{"start":{"line":5,"column":21},"end":{"line":5,"column":54}},"3":{"start":{"line":8,"column":0},"end":{"line":8,"column":24}},"4":{"start":{"line":10,"column":19},"end":{"line":10,"column":43}},"5":{"start":{"line":11,"column":19},"end":{"line":11,"column":44}},"6":{"start":{"line":13,"column":0},"end":{"line":13,"column":29}},"7":{"start":{"line":14,"column":0},"end":{"line":14,"column":30}},"8":{"start":{"line":18,"column":0},"end":{"line":23,"column":3}},"9":{"start":{"line":19,"column":14},"end":{"line":19,"column":48}},"10":{"start":{"line":22,"column":2},"end":{"line":22,"column":19}},"11":{"start":{"line":27,"column":0},"end":{"line":34,"column":3}},"12":{"start":{"line":28,"column":2},"end":{"line":28,"column":32}},"13":{"start":{"line":30,"column":2},"end":{"line":33,"column":5}},"14":{"start":{"line":36,"column":0},"end":{"line":36,"column":21}},"15":{"start":{"line":38,"column":0},"end":{"line":38,"column":21}}},"fnMap":{"0":{"name":"(anonymous_0)","decl":{"start":{"line":18,"column":8},"end":{"line":18,"column":9}},"loc":{"start":{"line":18,"column":33},"end":{"line":23,"column":1}},"line":18},"1":{"name":"(anonymous_1)","decl":{"start":{"line":27,"column":8},"end":{"line":27,"column":9}},"loc":{"start":{"line":27,"column":38},"end":{"line":34,"column":1}},"line":27}},"branchMap":{"0":{"loc":{"start":{"line":28,"column":13},"end":{"line":28,"column":30}},"type":"binary-expr","locations":[{"start":{"line":28,"column":13},"end":{"line":28,"column":23}},{"start":{"line":28,"column":27},"end":{"line":28,"column":30}}],"line":28}},"s":{"0":1,"1":1,"2":1,"3":1,"4":1,"5":1,"6":1,"7":1,"8":1,"9":0,"10":0,"11":1,"12":9,"13":9,"14":1,"15":1},"f":{"0":0,"1":9},"b":{"0":[9,0]},"_coverageSchema":"332fd63041d2c1bcb487cc26dd0d5f7d97098a6c","hash":"2fb7138ce84386cac4a697c723aa573f8ab4f3cc"}
,"/home/eris/Desktop/code/node-express-2/bankly/config.js": {"path":"/home/eris/Desktop/code/node-express-2/bankly/config.js","statementMap":{"0":{"start":{"line":3,"column":0},"end":{"line":3,"column":18}},"1":{"start":{"line":5,"column":19},"end":{"line":5,"column":69}},"2":{"start":{"line":7,"column":13},"end":{"line":7,"column":38}},"3":{"start":{"line":9,"column":27},"end":{"line":9,"column":29}},"4":{"start":{"line":12,"column":2},"end":{"line":14,"column":28}},"5":{"start":{"line":16,"column":0},"end":{"line":21,"column":2}}},"fnMap":{},"branchMap":{"0":{"loc":{"start":{"line":5,"column":19},"end":{"line":5,"column":69}},"type":"binary-expr","locations":[{"start":{"line":5,"column":19},"end":{"line":5,"column":41}},{"start":{"line":5,"column":45},"end":{"line":5,"column":69}}],"line":5},"1":{"loc":{"start":{"line":7,"column":13},"end":{"line":7,"column":38}},"type":"binary-expr","locations":[{"start":{"line":7,"column":13},"end":{"line":7,"column":30}},{"start":{"line":7,"column":34},"end":{"line":7,"column":38}}],"line":7},"2":{"loc":{"start":{"line":12,"column":2},"end":{"line":14,"column":28}},"type":"cond-expr","locations":[{"start":{"line":13,"column":6},"end":{"line":13,"column":33}},{"start":{"line":14,"column":6},"end":{"line":14,"column":28}}],"line":12}},"s":{"0":1,"1":1,"2":1,"3":1,"4":1,"5":1},"f":{},"b":{"0":[1,1],"1":[1,1],"2":[1,0]},"_coverageSchema":"332fd63041d2c1bcb487cc26dd0d5f7d97098a6c","hash":"c66eeff251753303a031ce386234914995cb349c"}
,"/home/eris/Desktop/code/node-express-2/bankly/db.js": {"path":"/home/eris/Desktop/code/node-express-2/bankly/db.js","statementMap":{"0":{"start":{"line":3,"column":19},"end":{"line":3,"column":32}},"1":{"start":{"line":4,"column":19},"end":{"line":4,"column":38}},"2":{"start":{"line":6,"column":15},"end":{"line":6,"column":33}},"3":{"start":{"line":8,"column":0},"end":{"line":8,"column":17}},"4":{"start":{"line":10,"column":0},"end":{"line":10,"column":24}}},"fnMap":{},"branchMap":{},"s":{"0":1,"1":1,"2":1,"3":1,"4":1},"f":{},"b":{},"_coverageSchema":"332fd63041d2c1bcb487cc26dd0d5f7d97098a6c","hash":"2fce00290a0faf3ee69b46d91c4589e83deb205b"}
,"/home/eris/Desktop/code/node-express-2/bankly/helpers/createToken.js": {"path":"/home/eris/Desktop/code/node-express-2/bankly/helpers/createToken.js","statementMap":{"0":{"start":{"line":1,"column":12},"end":{"line":1,"column":35}},"1":{"start":{"line":2,"column":23},"end":{"line":2,"column":43}},"2":{"start":{"line":8,"column":16},"end":{"line":8,"column":33}},"3":{"start":{"line":9,"column":2},"end":{"line":9,"column":39}},"4":{"start":{"line":13,"column":0},"end":{"line":13,"column":29}}},"fnMap":{"0":{"name":"createToken","decl":{"start":{"line":7,"column":9},"end":{"line":7,"column":20}},"loc":{"start":{"line":7,"column":44},"end":{"line":10,"column":1}},"line":7}},"branchMap":{"0":{"loc":{"start":{"line":7,"column":31},"end":{"line":7,"column":42}},"type":"default-arg","locations":[{"start":{"line":7,"column":37},"end":{"line":7,"column":42}}],"line":7}},"s":{"0":1,"1":1,"2":47,"3":47,"4":1},"f":{"0":47},"b":{"0":[1]},"_coverageSchema":"332fd63041d2c1bcb487cc26dd0d5f7d97098a6c","hash":"e5ed4e7b7888315960631830d0be5e4700e53f60"}
,"/home/eris/Desktop/code/node-express-2/bankly/helpers/expressError.js": {"path":"/home/eris/Desktop/code/node-express-2/bankly/helpers/expressError.js","statementMap":{"0":{"start":{"line":11,"column":4},"end":{"line":11,"column":12}},"1":{"start":{"line":12,"column":4},"end":{"line":12,"column":27}},"2":{"start":{"line":13,"column":4},"end":{"line":13,"column":25}},"3":{"start":{"line":14,"column":4},"end":{"line":16,"column":5}},"4":{"start":{"line":15,"column":6},"end":{"line":15,"column":32}},"5":{"start":{"line":20,"column":0},"end":{"line":20,"column":30}}},"fnMap":{"0":{"name":"(anonymous_0)","decl":{"start":{"line":10,"column":2},"end":{"line":10,"column":3}},"loc":{"start":{"line":10,"column":31},"end":{"line":17,"column":3}},"line":10}},"branchMap":{"0":{"loc":{"start":{"line":14,"column":4},"end":{"line":16,"column":5}},"type":"if","locations":[{"start":{"line":14,"column":4},"end":{"line":16,"column":5}},{"start":{"line":14,"column":4},"end":{"line":16,"column":5}}],"line":14}},"s":{"0":2,"1":2,"2":2,"3":2,"4":0,"5":1},"f":{"0":2},"b":{"0":[0,2]},"_coverageSchema":"332fd63041d2c1bcb487cc26dd0d5f7d97098a6c","hash":"d15469f21aaf1eb75c8a3fc58ed51aad59137426"}
,"/home/eris/Desktop/code/node-express-2/bankly/helpers/partialUpdate.js": {"path":"/home/eris/Desktop/code/node-express-2/bankly/helpers/partialUpdate.js","statementMap":{"0":{"start":{"line":18,"column":12},"end":{"line":18,"column":13}},"1":{"start":{"line":19,"column":16},"end":{"line":19,"column":18}},"2":{"start":{"line":22,"column":2},"end":{"line":26,"column":3}},"3":{"start":{"line":23,"column":4},"end":{"line":25,"column":5}},"4":{"start":{"line":24,"column":6},"end":{"line":24,"column":23}},"5":{"start":{"line":28,"column":2},"end":{"line":31,"column":3}},"6":{"start":{"line":29,"column":4},"end":{"line":29,"column":38}},"7":{"start":{"line":30,"column":4},"end":{"line":30,"column":13}},"8":{"start":{"line":34,"column":13},"end":{"line":34,"column":31}},"9":{"start":{"line":35,"column":14},"end":{"line":35,"column":76}},"10":{"start":{"line":37,"column":15},"end":{"line":37,"column":35}},"11":{"start":{"line":38,"column":2},"end":{"line":38,"column":18}},"12":{"start":{"line":40,"column":2},"end":{"line":40,"column":25}},"13":{"start":{"line":44,"column":0},"end":{"line":44,"column":37}}},"fnMap":{"0":{"name":"sqlForPartialUpdate","decl":{"start":{"line":14,"column":9},"end":{"line":14,"column":28}},"loc":{"start":{"line":14,"column":52},"end":{"line":41,"column":1}},"line":14}},"branchMap":{"0":{"loc":{"start":{"line":23,"column":4},"end":{"line":25,"column":5}},"type":"if","locations":[{"start":{"line":23,"column":4},"end":{"line":25,"column":5}},{"start":{"line":23,"column":4},"end":{"line":25,"column":5}}],"line":23}},"s":{"0":2,"1":2,"2":2,"3":2,"4":0,"5":2,"6":2,"7":2,"8":2,"9":2,"10":2,"11":2,"12":2,"13":1},"f":{"0":2},"b":{"0":[0,2]},"_coverageSchema":"332fd63041d2c1bcb487cc26dd0d5f7d97098a6c","hash":"0badbaf1c0598f294d18d05a727a6272cd561095"}
,"/home/eris/Desktop/code/node-express-2/bankly/middleware/auth.js": {"path":"/home/eris/Desktop/code/node-express-2/bankly/middleware/auth.js","statementMap":{"0":{"start":{"line":3,"column":12},"end":{"line":3,"column":35}},"1":{"start":{"line":4,"column":23},"end":{"line":4,"column":43}},"2":{"start":{"line":9,"column":2},"end":{"line":17,"column":3}},"3":{"start":{"line":10,"column":4},"end":{"line":14,"column":5}},"4":{"start":{"line":11,"column":6},"end":{"line":11,"column":20}},"5":{"start":{"line":13,"column":6},"end":{"line":13,"column":60}},"6":{"start":{"line":16,"column":4},"end":{"line":16,"column":21}},"7":{"start":{"line":23,"column":2},"end":{"line":31,"column":3}},"8":{"start":{"line":24,"column":4},"end":{"line":28,"column":5}},"9":{"start":{"line":25,"column":6},"end":{"line":25,"column":20}},"10":{"start":{"line":27,"column":6},"end":{"line":27,"column":60}},"11":{"start":{"line":30,"column":4},"end":{"line":30,"column":21}},"12":{"start":{"line":49,"column":2},"end":{"line":60,"column":3}},"13":{"start":{"line":50,"column":18},"end":{"line":50,"column":43}},"14":{"start":{"line":51,"column":4},"end":{"line":55,"column":5}},"15":{"start":{"line":52,"column":20},"end":{"line":52,"column":37}},"16":{"start":{"line":53,"column":6},"end":{"line":53,"column":43}},"17":{"start":{"line":54,"column":6},"end":{"line":54,"column":37}},"18":{"start":{"line":56,"column":4},"end":{"line":56,"column":18}},"19":{"start":{"line":58,"column":4},"end":{"line":58,"column":21}},"20":{"start":{"line":59,"column":4},"end":{"line":59,"column":21}},"21":{"start":{"line":63,"column":0},"end":{"line":67,"column":2}}},"fnMap":{"0":{"name":"requireLogin","decl":{"start":{"line":8,"column":9},"end":{"line":8,"column":21}},"loc":{"start":{"line":8,"column":38},"end":{"line":18,"column":1}},"line":8},"1":{"name":"requireAdmin","decl":{"start":{"line":22,"column":9},"end":{"line":22,"column":21}},"loc":{"start":{"line":22,"column":38},"end":{"line":32,"column":1}},"line":22},"2":{"name":"authUser","decl":{"start":{"line":48,"column":9},"end":{"line":48,"column":17}},"loc":{"start":{"line":48,"column":34},"end":{"line":61,"column":1}},"line":48}},"branchMap":{"0":{"loc":{"start":{"line":10,"column":4},"end":{"line":14,"column":5}},"type":"if","locations":[{"start":{"line":10,"column":4},"end":{"line":14,"column":5}},{"start":{"line":10,"column":4},"end":{"line":14,"column":5}}],"line":10},"1":{"loc":{"start":{"line":24,"column":4},"end":{"line":28,"column":5}},"type":"if","locations":[{"start":{"line":24,"column":4},"end":{"line":28,"column":5}},{"start":{"line":24,"column":4},"end":{"line":28,"column":5}}],"line":24},"2":{"loc":{"start":{"line":51,"column":4},"end":{"line":55,"column":5}},"type":"if","locations":[{"start":{"line":51,"column":4},"end":{"line":55,"column":5}},{"start":{"line":51,"column":4},"end":{"line":55,"column":5}}],"line":51}},"s":{"0":1,"1":1,"2":9,"3":9,"4":4,"5":5,"6":0,"7":3,"8":3,"9":1,"10":2,"11":0,"12":12,"13":12,"14":12,"15":5,"16":5,"17":5,"18":12,"19":0,"20":0,"21":1},"f":{"0":9,"1":3,"2":12},"b":{"0":[4,5],"1":[1,2],"2":[5,7]},"_coverageSchema":"332fd63041d2c1bcb487cc26dd0d5f7d97098a6c","hash":"f143f7bc06d6c6b87d33d29a2d57f5137c501fef"}
,"/home/eris/Desktop/code/node-express-2/bankly/models/user.js": {"path":"/home/eris/Desktop/code/node-express-2/bankly/models/user.js","statementMap":{"0":{"start":{"line":1,"column":15},"end":{"line":1,"column":32}},"1":{"start":{"line":2,"column":11},"end":{"line":2,"column":27}},"2":{"start":{"line":3,"column":21},"end":{"line":3,"column":55}},"3":{"start":{"line":4,"column":28},"end":{"line":4,"column":63}},"4":{"start":{"line":5,"column":31},"end":{"line":5,"column":51}},"5":{"start":{"line":12,"column":27},"end":{"line":17,"column":5}},"6":{"start":{"line":19,"column":4},"end":{"line":24,"column":5}},"7":{"start":{"line":20,"column":6},"end":{"line":23,"column":8}},"8":{"start":{"line":26,"column":27},"end":{"line":26,"column":74}},"9":{"start":{"line":28,"column":19},"end":{"line":41,"column":5}},"10":{"start":{"line":43,"column":4},"end":{"line":43,"column":26}},"11":{"start":{"line":54,"column":19},"end":{"line":65,"column":5}},"12":{"start":{"line":67,"column":17},"end":{"line":67,"column":31}},"13":{"start":{"line":68,"column":4},"end":{"line":72,"column":5}},"14":{"start":{"line":69,"column":6},"end":{"line":69,"column":18}},"15":{"start":{"line":71,"column":6},"end":{"line":71,"column":57}},"16":{"start":{"line":82,"column":19},"end":{"line":90,"column":5}},"17":{"start":{"line":91,"column":4},"end":{"line":91,"column":23}},"18":{"start":{"line":101,"column":19},"end":{"line":110,"column":5}},"19":{"start":{"line":112,"column":17},"end":{"line":112,"column":31}},"20":{"start":{"line":114,"column":4},"end":{"line":116,"column":5}},"21":{"start":{"line":115,"column":6},"end":{"line":115,"column":44}},"22":{"start":{"line":118,"column":4},"end":{"line":118,"column":16}},"23":{"start":{"line":130,"column":28},"end":{"line":135,"column":5}},"24":{"start":{"line":137,"column":19},"end":{"line":137,"column":48}},"25":{"start":{"line":138,"column":17},"end":{"line":138,"column":31}},"26":{"start":{"line":140,"column":4},"end":{"line":142,"column":5}},"27":{"start":{"line":141,"column":6},"end":{"line":141,"column":50}},"28":{"start":{"line":144,"column":4},"end":{"line":144,"column":16}},"29":{"start":{"line":154,"column":19},"end":{"line":157,"column":5}},"30":{"start":{"line":158,"column":17},"end":{"line":158,"column":31}},"31":{"start":{"line":160,"column":4},"end":{"line":162,"column":5}},"32":{"start":{"line":161,"column":6},"end":{"line":161,"column":50}},"33":{"start":{"line":164,"column":4},"end":{"line":164,"column":16}},"34":{"start":{"line":168,"column":0},"end":{"line":168,"column":22}}},"fnMap":{"0":{"name":"(anonymous_0)","decl":{"start":{"line":11,"column":2},"end":{"line":11,"column":3}},"loc":{"start":{"line":11,"column":83},"end":{"line":44,"column":3}},"line":11},"1":{"name":"(anonymous_1)","decl":{"start":{"line":53,"column":2},"end":{"line":53,"column":3}},"loc":{"start":{"line":53,"column":48},"end":{"line":73,"column":3}},"line":53},"2":{"name":"(anonymous_2)","decl":{"start":{"line":81,"column":2},"end":{"line":81,"column":3}},"loc":{"start":{"line":81,"column":42},"end":{"line":92,"column":3}},"line":81},"3":{"name":"(anonymous_3)","decl":{"start":{"line":100,"column":2},"end":{"line":100,"column":3}},"loc":{"start":{"line":100,"column":29},"end":{"line":119,"column":3}},"line":100},"4":{"name":"(anonymous_4)","decl":{"start":{"line":129,"column":2},"end":{"line":129,"column":3}},"loc":{"start":{"line":129,"column":38},"end":{"line":145,"column":3}},"line":129},"5":{"name":"(anonymous_5)","decl":{"start":{"line":153,"column":2},"end":{"line":153,"column":3}},"loc":{"start":{"line":153,"column":32},"end":{"line":165,"column":3}},"line":153}},"branchMap":{"0":{"loc":{"start":{"line":19,"column":4},"end":{"line":24,"column":5}},"type":"if","locations":[{"start":{"line":19,"column":4},"end":{"line":24,"column":5}},{"start":{"line":19,"column":4},"end":{"line":24,"column":5}}],"line":19},"1":{"loc":{"start":{"line":68,"column":4},"end":{"line":72,"column":5}},"type":"if","locations":[{"start":{"line":68,"column":4},"end":{"line":72,"column":5}},{"start":{"line":68,"column":4},"end":{"line":72,"column":5}}],"line":68},"2":{"loc":{"start":{"line":68,"column":8},"end":{"line":68,"column":63}},"type":"binary-expr","locations":[{"start":{"line":68,"column":8},"end":{"line":68,"column":12}},{"start":{"line":68,"column":17},"end":{"line":68,"column":62}}],"line":68},"3":{"loc":{"start":{"line":114,"column":4},"end":{"line":116,"column":5}},"type":"if","locations":[{"start":{"line":114,"column":4},"end":{"line":116,"column":5}},{"start":{"line":114,"column":4},"end":{"line":116,"column":5}}],"line":114},"4":{"loc":{"start":{"line":140,"column":4},"end":{"line":142,"column":5}},"type":"if","locations":[{"start":{"line":140,"column":4},"end":{"line":142,"column":5}},{"start":{"line":140,"column":4},"end":{"line":142,"column":5}}],"line":140},"5":{"loc":{"start":{"line":160,"column":4},"end":{"line":162,"column":5}},"type":"if","locations":[{"start":{"line":160,"column":4},"end":{"line":162,"column":5}},{"start":{"line":160,"column":4},"end":{"line":162,"column":5}}],"line":160}},"s":{"0":1,"1":1,"2":1,"3":1,"4":1,"5":2,"6":2,"7":1,"8":1,"9":1,"10":1,"11":1,"12":1,"13":1,"14":1,"15":0,"16":1,"17":1,"18":1,"19":1,"20":1,"21":0,"22":1,"23":2,"24":2,"25":2,"26":2,"27":1,"28":1,"29":1,"30":1,"31":1,"32":0,"33":1,"34":1},"f":{"0":2,"1":1,"2":1,"3":1,"4":2,"5":1},"b":{"0":[1,1],"1":[1,0],"2":[1,1],"3":[0,1],"4":[1,1],"5":[0,1]},"_coverageSchema":"332fd63041d2c1bcb487cc26dd0d5f7d97098a6c","hash":"7b2d454af3f1c11b7f28886bf337f67f5661e0bd"}
,"/home/eris/Desktop/code/node-express-2/bankly/routes/auth.js": {"path":"/home/eris/Desktop/code/node-express-2/bankly/routes/auth.js","statementMap":{"0":{"start":{"line":3,"column":13},"end":{"line":3,"column":38}},"1":{"start":{"line":4,"column":16},"end":{"line":4,"column":34}},"2":{"start":{"line":5,"column":15},"end":{"line":5,"column":31}},"3":{"start":{"line":6,"column":27},"end":{"line":6,"column":60}},"4":{"start":{"line":19,"column":0},"end":{"line":28,"column":3}},"5":{"start":{"line":20,"column":2},"end":{"line":27,"column":3}},"6":{"start":{"line":21,"column":72},"end":{"line":21,"column":80}},"7":{"start":{"line":22,"column":15},"end":{"line":22,"column":93}},"8":{"start":{"line":23,"column":18},"end":{"line":23,"column":58}},"9":{"start":{"line":24,"column":4},"end":{"line":24,"column":43}},"10":{"start":{"line":26,"column":4},"end":{"line":26,"column":21}},"11":{"start":{"line":41,"column":0},"end":{"line":50,"column":3}},"12":{"start":{"line":42,"column":2},"end":{"line":49,"column":3}},"13":{"start":{"line":43,"column":35},"end":{"line":43,"column":43}},"14":{"start":{"line":44,"column":15},"end":{"line":44,"column":58}},"15":{"start":{"line":45,"column":18},"end":{"line":45,"column":58}},"16":{"start":{"line":46,"column":4},"end":{"line":46,"column":31}},"17":{"start":{"line":48,"column":4},"end":{"line":48,"column":21}},"18":{"start":{"line":52,"column":0},"end":{"line":52,"column":24}}},"fnMap":{"0":{"name":"(anonymous_0)","decl":{"start":{"line":19,"column":25},"end":{"line":19,"column":26}},"loc":{"start":{"line":19,"column":56},"end":{"line":28,"column":1}},"line":19},"1":{"name":"(anonymous_1)","decl":{"start":{"line":41,"column":22},"end":{"line":41,"column":23}},"loc":{"start":{"line":41,"column":53},"end":{"line":50,"column":1}},"line":41}},"branchMap":{},"s":{"0":1,"1":1,"2":1,"3":1,"4":1,"5":2,"6":2,"7":2,"8":1,"9":1,"10":1,"11":1,"12":1,"13":1,"14":1,"15":1,"16":1,"17":0,"18":1},"f":{"0":2,"1":1},"b":{},"_coverageSchema":"332fd63041d2c1bcb487cc26dd0d5f7d97098a6c","hash":"4c5e9a6e1e7686c59922e0305f1b27ca3bf1c8b5"}
,"/home/eris/Desktop/code/node-express-2/bankly/routes/users.js": {"path":"/home/eris/Desktop/code/node-express-2/bankly/routes/users.js","statementMap":{"0":{"start":{"line":3,"column":13},"end":{"line":3,"column":38}},"1":{"start":{"line":4,"column":16},"end":{"line":4,"column":34}},"2":{"start":{"line":5,"column":15},"end":{"line":5,"column":35}},"3":{"start":{"line":6,"column":21},"end":{"line":6,"column":55}},"4":{"start":{"line":7,"column":49},"end":{"line":7,"column":78}},"5":{"start":{"line":8,"column":18},"end":{"line":8,"column":54}},"6":{"start":{"line":19,"column":0},"end":{"line":30,"column":3}},"7":{"start":{"line":20,"column":2},"end":{"line":29,"column":3}},"8":{"start":{"line":21,"column":16},"end":{"line":21,"column":35}},"9":{"start":{"line":22,"column":4},"end":{"line":25,"column":5}},"10":{"start":{"line":23,"column":6},"end":{"line":23,"column":23}},"11":{"start":{"line":24,"column":6},"end":{"line":24,"column":23}},"12":{"start":{"line":26,"column":4},"end":{"line":26,"column":31}},"13":{"start":{"line":28,"column":4},"end":{"line":28,"column":21}},"14":{"start":{"line":44,"column":0},"end":{"line":58,"column":3}},"15":{"start":{"line":49,"column":2},"end":{"line":57,"column":3}},"16":{"start":{"line":50,"column":4},"end":{"line":52,"column":5}},"17":{"start":{"line":51,"column":6},"end":{"line":51,"column":79}},"18":{"start":{"line":53,"column":15},"end":{"line":53,"column":50}},"19":{"start":{"line":54,"column":4},"end":{"line":54,"column":30}},"20":{"start":{"line":56,"column":4},"end":{"line":56,"column":21}},"21":{"start":{"line":78,"column":0},"end":{"line":101,"column":3}},"22":{"start":{"line":83,"column":2},"end":{"line":100,"column":3}},"23":{"start":{"line":84,"column":4},"end":{"line":86,"column":5}},"24":{"start":{"line":85,"column":6},"end":{"line":85,"column":79}},"25":{"start":{"line":89,"column":17},"end":{"line":89,"column":59}},"26":{"start":{"line":90,"column":15},"end":{"line":90,"column":17}},"27":{"start":{"line":91,"column":4},"end":{"line":95,"column":5}},"28":{"start":{"line":92,"column":6},"end":{"line":94,"column":7}},"29":{"start":{"line":93,"column":8},"end":{"line":93,"column":36}},"30":{"start":{"line":96,"column":15},"end":{"line":96,"column":59}},"31":{"start":{"line":97,"column":4},"end":{"line":97,"column":30}},"32":{"start":{"line":99,"column":4},"end":{"line":99,"column":21}},"33":{"start":{"line":114,"column":0},"end":{"line":125,"column":3}},"34":{"start":{"line":119,"column":2},"end":{"line":124,"column":3}},"35":{"start":{"line":120,"column":4},"end":{"line":120,"column":37}},"36":{"start":{"line":121,"column":4},"end":{"line":121,"column":44}},"37":{"start":{"line":123,"column":4},"end":{"line":123,"column":21}},"38":{"start":{"line":127,"column":0},"end":{"line":127,"column":24}}},"fnMap":{"0":{"name":"(anonymous_0)","decl":{"start":{"line":19,"column":40},"end":{"line":19,"column":41}},"loc":{"start":{"line":19,"column":72},"end":{"line":30,"column":1}},"line":19},"1":{"name":"(anonymous_1)","decl":{"start":{"line":44,"column":49},"end":{"line":44,"column":50}},"loc":{"start":{"line":48,"column":2},"end":{"line":58,"column":1}},"line":48},"2":{"name":"(anonymous_2)","decl":{"start":{"line":78,"column":51},"end":{"line":78,"column":52}},"loc":{"start":{"line":82,"column":2},"end":{"line":101,"column":1}},"line":82},"3":{"name":"(anonymous_3)","decl":{"start":{"line":114,"column":52},"end":{"line":114,"column":53}},"loc":{"start":{"line":118,"column":2},"end":{"line":125,"column":1}},"line":118}},"branchMap":{"0":{"loc":{"start":{"line":50,"column":4},"end":{"line":52,"column":5}},"type":"if","locations":[{"start":{"line":50,"column":4},"end":{"line":52,"column":5}},{"start":{"line":50,"column":4},"end":{"line":52,"column":5}}],"line":50},"1":{"loc":{"start":{"line":50,"column":8},"end":{"line":50,"column":68}},"type":"binary-expr","locations":[{"start":{"line":50,"column":8},"end":{"line":50,"column":23}},{"start":{"line":50,"column":27},"end":{"line":50,"column":68}}],"line":50},"2":{"loc":{"start":{"line":84,"column":4},"end":{"line":86,"column":5}},"type":"if","locations":[{"start":{"line":84,"column":4},"end":{"line":86,"column":5}},{"start":{"line":84,"column":4},"end":{"line":86,"column":5}}],"line":84},"3":{"loc":{"start":{"line":84,"column":8},"end":{"line":84,"column":68}},"type":"binary-expr","locations":[{"start":{"line":84,"column":8},"end":{"line":84,"column":23}},{"start":{"line":84,"column":27},"end":{"line":84,"column":68}}],"line":84},"4":{"loc":{"start":{"line":92,"column":6},"end":{"line":94,"column":7}},"type":"if","locations":[{"start":{"line":92,"column":6},"end":{"line":94,"column":7}},{"start":{"line":92,"column":6},"end":{"line":94,"column":7}}],"line":92}},"s":{"0":1,"1":1,"2":1,"3":1,"4":1,"5":1,"6":1,"7":1,"8":1,"9":1,"10":3,"11":3,"12":1,"13":0,"14":1,"15":1,"16":1,"17":0,"18":1,"19":1,"20":0,"21":1,"22":2,"23":2,"24":0,"25":2,"26":2,"27":2,"28":8,"29":2,"30":2,"31":1,"32":1,"33":1,"34":1,"35":1,"36":1,"37":0,"38":1},"f":{"0":1,"1":1,"2":2,"3":1},"b":{"0":[0,1],"1":[1,0],"2":[0,2],"3":[2,0],"4":[2,6]},"_coverageSchema":"332fd63041d2c1bcb487cc26dd0d5f7d97098a6c","hash":"64831affb896afbe2ecfaa1fef7143af026754d9"}
}
