TN:
SF:bankly/app.js
FN:18,(anonymous_0)
FN:27,(anonymous_1)
FNF:2
FNH:1
FNDA:0,(anonymous_0)
FNDA:9,(anonymous_1)
DA:3,1
DA:4,1
DA:5,1
DA:8,1
DA:10,1
DA:11,1
DA:13,1
DA:14,1
DA:18,1
DA:19,0
DA:22,0
DA:27,1
DA:28,9
DA:30,9
DA:36,1
DA:38,1
LF:16
LH:14
BRDA:28,0,0,9
BRDA:28,0,1,0
BRF:2
BRH:1
end_of_record
TN:
SF:bankly/config.js
FNF:0
FNH:0
DA:3,1
DA:5,1
DA:7,1
DA:9,1
DA:12,1
DA:16,1
LF:6
LH:6
BRDA:5,0,0,1
BRDA:5,0,1,1
BRDA:7,1,0,1
BRDA:7,1,1,1
BRDA:12,2,0,1
BRDA:12,2,1,0
BRF:6
BRH:5
end_of_record
TN:
SF:bankly/db.js
FNF:0
FNH:0
DA:3,1
DA:4,1
DA:6,1
DA:8,1
DA:10,1
LF:5
LH:5
BRF:0
BRH:0
end_of_record
TN:
SF:bankly/helpers/createToken.js
FN:7,createToken
FNF:1
FNH:1
FNDA:47,createToken
DA:1,1
DA:2,1
DA:8,47
DA:9,47
DA:13,1
LF:5
LH:5
BRDA:7,0,0,1
BRF:1
BRH:1
end_of_record
TN:
SF:bankly/helpers/expressError.js
FN:10,(anonymous_0)
FNF:1
FNH:1
FNDA:2,(anonymous_0)
DA:11,2
DA:12,2
DA:13,2
DA:14,2
DA:15,0
DA:20,1
LF:6
LH:5
BRDA:14,0,0,0
BRDA:14,0,1,2
BRF:2
BRH:1
end_of_record
TN:
SF:bankly/helpers/partialUpdate.js
FN:14,sqlForPartialUpdate
FNF:1
FNH:1
FNDA:2,sqlForPartialUpdate
DA:18,2
DA:19,2
DA:22,2
DA:23,2
DA:24,0
DA:28,2
DA:29,2
DA:30,2
DA:34,2
DA:35,2
DA:37,2
DA:38,2
DA:40,2
DA:44,1
LF:14
LH:13
BRDA:23,0,0,0
BRDA:23,0,1,2
BRF:2
BRH:1
end_of_record
TN:
SF:bankly/middleware/auth.js
FN:8,requireLogin
FN:22,requireAdmin
FN:48,authUser
FNF:3
FNH:3
FNDA:9,requireLogin
FNDA:3,requireAdmin
FNDA:12,authUser
DA:3,1
DA:4,1
DA:9,9
DA:10,9
DA:11,4
DA:13,5
DA:16,0
DA:23,3
DA:24,3
DA:25,1
DA:27,2
DA:30,0
DA:49,12
DA:50,12
DA:51,12
DA:52,5
DA:53,5
DA:54,5
DA:56,12
DA:58,0
DA:59,0
DA:63,1
LF:22
LH:18
BRDA:10,0,0,4
BRDA:10,0,1,5
BRDA:24,1,0,1
BRDA:24,1,1,2
BRDA:51,2,0,5
BRDA:51,2,1,7
BRF:6
BRH:6
end_of_record
TN:
SF:bankly/models/user.js
FN:11,(anonymous_0)
FN:53,(anonymous_1)
FN:81,(anonymous_2)
FN:100,(anonymous_3)
FN:129,(anonymous_4)
FN:153,(anonymous_5)
FNF:6
FNH:6
FNDA:2,(anonymous_0)
FNDA:1,(anonymous_1)
FNDA:1,(anonymous_2)
FNDA:1,(anonymous_3)
FNDA:2,(anonymous_4)
FNDA:1,(anonymous_5)
DA:1,1
DA:2,1
DA:3,1
DA:4,1
DA:5,1
DA:12,2
DA:19,2
DA:20,1
DA:26,1
DA:28,1
DA:43,1
DA:54,1
DA:67,1
DA:68,1
DA:69,1
DA:71,0
DA:82,1
DA:91,1
DA:101,1
DA:112,1
DA:114,1
DA:115,0
DA:118,1
DA:130,2
DA:137,2
DA:138,2
DA:140,2
DA:141,1
DA:144,1
DA:154,1
DA:158,1
DA:160,1
DA:161,0
DA:164,1
DA:168,1
LF:35
LH:32
BRDA:19,0,0,1
BRDA:19,0,1,1
BRDA:68,1,0,1
BRDA:68,1,1,0
BRDA:68,2,0,1
BRDA:68,2,1,1
BRDA:114,3,0,0
BRDA:114,3,1,1
BRDA:140,4,0,1
BRDA:140,4,1,1
BRDA:160,5,0,0
BRDA:160,5,1,1
BRF:12
BRH:9
end_of_record
TN:
SF:bankly/routes/auth.js
FN:19,(anonymous_0)
FN:41,(anonymous_1)
FNF:2
FNH:2
FNDA:2,(anonymous_0)
FNDA:1,(anonymous_1)
DA:3,1
DA:4,1
DA:5,1
DA:6,1
DA:19,1
DA:20,2
DA:21,2
DA:22,2
DA:23,1
DA:24,1
DA:26,1
DA:41,1
DA:42,1
DA:43,1
DA:44,1
DA:45,1
DA:46,1
DA:48,0
DA:52,1
LF:19
LH:18
BRF:0
BRH:0
end_of_record
TN:
SF:bankly/routes/users.js
FN:19,(anonymous_0)
FN:44,(anonymous_1)
FN:78,(anonymous_2)
FN:114,(anonymous_3)
FNF:4
FNH:4
FNDA:1,(anonymous_0)
FNDA:1,(anonymous_1)
FNDA:2,(anonymous_2)
FNDA:1,(anonymous_3)
DA:3,1
DA:4,1
DA:5,1
DA:6,1
DA:7,1
DA:8,1
DA:19,1
DA:20,1
DA:21,1
DA:22,1
DA:23,3
DA:24,3
DA:26,1
DA:28,0
DA:44,1
DA:49,1
DA:50,1
DA:51,0
DA:53,1
DA:54,1
DA:56,0
DA:78,1
DA:83,2
DA:84,2
DA:85,0
DA:89,2
DA:90,2
DA:91,2
DA:92,8
DA:93,2
DA:96,2
DA:97,1
DA:99,1
DA:114,1
DA:119,1
DA:120,1
DA:121,1
DA:123,0
DA:127,1
LF:39
LH:34
BRDA:50,0,0,0
BRDA:50,0,1,1
BRDA:50,1,0,1
BRDA:50,1,1,0
BRDA:84,2,0,0
BRDA:84,2,1,2
BRDA:84,3,0,2
BRDA:84,3,1,0
BRDA:92,4,0,2
BRDA:92,4,1,6
BRF:10
BRH:6
end_of_record
